proguard/mapping.txt
com.derekziemba.ztorch.BootReceiver -> com.derekziemba.ztorch.BootReceiver:
    void onReceive(android.content.Context,android.content.Intent) -> onReceive
com.derekziemba.ztorch.ZTorchWorker -> com.derekziemba.ztorch.ZTorchWorker:
    void onHandleIntent(android.content.Intent) -> onHandleIntent
    android.app.PendingIntent getWidgetIntent(android.content.Context,int,int) -> a
    android.app.PendingIntent getNotifIntent(android.content.Context,int) -> a
com.derekziemba.ztorch.activities.AboutActivity -> com.derekziemba.ztorch.activities.AboutActivity:
    void onCreate(android.os.Bundle) -> onCreate
    boolean onCreateOptionsMenu(android.view.Menu) -> onCreateOptionsMenu
com.derekziemba.ztorch.activities.MainActivity -> com.derekziemba.ztorch.activities.MainActivity:
    android.content.BroadcastReceiver mFlashValueUpdatedReceiver -> b
    int glevel -> a
    android.widget.SeekBar mBrightnessSlider -> c
    android.widget.ToggleButton mToggleButton -> d
    android.widget.TextView txtCurrentBrightnessValue -> e
    android.widget.TextView txtUsersBrightnessLimit -> f
    android.widget.TextView textViewLimitSlider -> g
    android.widget.TextView txtDefaultWidgetBrightness -> h
    void onCreate(android.os.Bundle) -> onCreate
    void torchToggleInteraction(android.view.View) -> torchToggleInteraction
    void saveDefaultBrightnessButtonInteraction(android.view.View) -> saveDefaultBrightnessButtonInteraction
    boolean onCreateOptionsMenu(android.view.Menu) -> onCreateOptionsMenu
    boolean onOptionsItemSelected(android.view.MenuItem) -> onOptionsItemSelected
    void onActivityResult(int,int,android.content.Intent) -> onActivityResult
    void onDestroy() -> onDestroy
    android.widget.SeekBar access$0(com.derekziemba.ztorch.activities.MainActivity) -> a
    android.widget.ToggleButton access$1(com.derekziemba.ztorch.activities.MainActivity) -> b
    android.widget.TextView access$2(com.derekziemba.ztorch.activities.MainActivity) -> c
com.derekziemba.ztorch.activities.MainActivity$1 -> com.derekziemba.ztorch.activities.a:
    com.derekziemba.ztorch.activities.MainActivity this$0 -> a
    void onReceive(android.content.Context,android.content.Intent) -> onReceive
com.derekziemba.ztorch.activities.MainActivity$2 -> com.derekziemba.ztorch.activities.b:
    com.derekziemba.ztorch.activities.MainActivity this$0 -> a
    void onProgressChanged(android.widget.SeekBar,int,boolean) -> onProgressChanged
    void onStartTrackingTouch(android.widget.SeekBar) -> onStartTrackingTouch
    void onStopTrackingTouch(android.widget.SeekBar) -> onStopTrackingTouch
com.derekziemba.ztorch.activities.MainActivity$3 -> com.derekziemba.ztorch.activities.c:
    android.widget.TextView textView -> a
    com.derekziemba.ztorch.activities.MainActivity this$0 -> b
    void onProgressChanged(android.widget.SeekBar,int,boolean) -> onProgressChanged
    void onStopTrackingTouch(android.widget.SeekBar) -> onStopTrackingTouch
    void onStartTrackingTouch(android.widget.SeekBar) -> onStartTrackingTouch
com.derekziemba.ztorch.activities.MainActivity$4 -> com.derekziemba.ztorch.activities.d:
    com.derekziemba.ztorch.activities.MainActivity this$0 -> a
    android.widget.SeekBar val$seekBar -> b
    void onClick(android.content.DialogInterface,int) -> onClick
com.derekziemba.ztorch.activities.MainActivity$5 -> com.derekziemba.ztorch.activities.e:
    com.derekziemba.ztorch.activities.MainActivity this$0 -> a
    void onClick(android.content.DialogInterface,int) -> onClick
com.derekziemba.ztorch.activities.MainActivity$6 -> com.derekziemba.ztorch.activities.f:
    com.derekziemba.ztorch.activities.MainActivity this$0 -> a
    void onCancel(android.content.DialogInterface) -> onCancel
...
android.support.v4.app.NotificationCompat -> a.a.a.a.a:
    android.support.v4.app.NotificationCompat$NotificationCompatImpl IMPL -> a
    android.support.v4.app.NotificationCompat$NotificationCompatImpl access$000() -> a
android.support.v4.app.NotificationCompat$Builder -> a.a.a.a.b:
    android.content.Context mContext -> a
    java.lang.CharSequence mContentTitle -> b
    java.lang.CharSequence mContentText -> c
    android.app.PendingIntent mContentIntent -> d
    int mPriority -> e
    java.util.ArrayList mActions -> f
    android.app.Notification mNotification -> g
    android.support.v4.app.NotificationCompat$Builder setSmallIcon$19d6eefc() -> a
    android.support.v4.app.NotificationCompat$Builder setContentTitle(java.lang.CharSequence) -> a
    android.support.v4.app.NotificationCompat$Builder setContentText(java.lang.CharSequence) -> b
    android.support.v4.app.NotificationCompat$Builder setContentIntent(android.app.PendingIntent) -> a
    android.support.v4.app.NotificationCompat$Builder setTicker(java.lang.CharSequence) -> c
    android.support.v4.app.NotificationCompat$Builder setOngoing$7abcb88d() -> b
    android.support.v4.app.NotificationCompat$Builder setPriority(int) -> a
    android.support.v4.app.NotificationCompat$Builder addAction(int,java.lang.CharSequence,android.app.PendingIntent) -> a
    android.app.Notification build() -> c
android.support.v4.app.NotificationCompat$NotificationCompatImpl -> a.a.a.a.c:
    android.app.Notification build(android.support.v4.app.NotificationCompat$Builder) -> a
android.support.v4.app.NotificationCompat$NotificationCompatImplBase -> a.a.a.a.d:
    android.app.Notification build(android.support.v4.app.NotificationCompat$Builder) -> a
android.support.v4.app.NotificationCompat$NotificationCompatImplHoneycomb -> a.a.a.a.e:
    android.app.Notification build(android.support.v4.app.NotificationCompat$Builder) -> a
android.support.v4.app.NotificationCompat$NotificationCompatImplIceCreamSandwich -> a.a.a.a.f:
    android.app.Notification build(android.support.v4.app.NotificationCompat$Builder) -> a
android.support.v4.app.NotificationCompat$NotificationCompatImplJellybean -> a.a.a.a.g:
    android.app.Notification build(android.support.v4.app.NotificationCompat$Builder) -> a
android.support.v4.app.NotificationCompatJellybean -> a.a.a.a.h:
    android.app.Notification$Builder b -> a
    void addAction(int,java.lang.CharSequence,android.app.PendingIntent) -> a
    android.app.Notification build() -> a
com.derekziemba.misc.Shell -> com.derekziemba.a.a:
    com.derekziemba.misc.Shell rootShell -> a
    java.lang.Process proc -> b
    java.io.OutputStreamWriter writer -> c
    void exec(java.lang.String) -> a
    com.derekziemba.misc.Shell get() -> a
com.derekziemba.torchplayer.BrightnessBehavior -> com.derekziemba.b.a:
    java.util.List steps -> a
    java.util.List getSteps() -> a
    java.lang.String toString() -> toString
com.derekziemba.torchplayer.BrightnessTime -> com.derekziemba.b.b:
    int brightness -> a
    int time -> b
    int getLevel() -> a
    int getTime() -> b
    void set(int,int) -> a
    java.lang.String toString() -> toString
com.derekziemba.torchplayer.InputParsers -> com.derekziemba.b.c:
    int icon -> a
    java.lang.CharSequence title -> b
    android.app.PendingIntent actionIntent -> c
    boolean stepExtractor(java.util.List,java.lang.String) -> a
    boolean stepParser(com.derekziemba.torchplayer.BrightnessTime,java.lang.String) -> a
    java.lang.String valueFormatter$399c01d8(float) -> a
    void cancelNotif(android.content.Context) -> a
    void setNotif(android.content.Context,int) -> a
    void putInt(android.content.Context,java.lang.String,int) -> a
    int getInt(android.content.Context,java.lang.String) -> a
    void putBool(android.content.Context,java.lang.String,boolean) -> a
    java.lang.Boolean getBool(android.content.Context,java.lang.String) -> b