proguard/usage.txt
com.derekziemba.ztorch.BuildConfig
com.derekziemba.ztorch.R
com.derekziemba.ztorch.R$attr
com.derekziemba.ztorch.R$dimen
com.derekziemba.ztorch.R$drawable
com.derekziemba.ztorch.R$id
com.derekziemba.ztorch.R$layout
com.derekziemba.ztorch.R$menu
com.derekziemba.ztorch.R$string
com.derekziemba.ztorch.R$style
com.derekziemba.ztorch.R$xml
com.derekziemba.ztorch.Z:
    public static final java.lang.String FILENAME
    public static final java.lang.String FLASH_VALUE_UPDATED_BROADCAST_NAME
    public static final java.lang.String DEFAULT_BRIGHTNESS
    public static final java.lang.String DOUBLE_TAP
    public static final java.lang.String RAPID_TAP
    public static final java.lang.String TAP_TIME
    public static final java.lang.String TEMP_TIME
    public static final java.lang.String PERSISTENT_NOTIF
    public static final java.lang.String MINIMIZE_NOTIF
    public static final int mNotificationId
    public static final int StockBrightness
    public static final int default_steps_increments
    public static final int default_tap_time
    public static final int max_tap_time
    public static final boolean debugmode
    10:10:public Z()
com.derekziemba.ztorch.activities.MainActivity:
    242:246:public void showAbout()
com.derekziemba.ztorch.activities.TorchPlayer:
    public static final java.lang.String PLAY_INSTRUCTION
...
android.support.v4.net.ConnectivityManagerCompatHoneycombMR2
android.support.v4.net.ConnectivityManagerCompatJellyBean
android.support.v4.net.TrafficStatsCompat
android.support.v4.net.TrafficStatsCompat$1
android.support.v4.net.TrafficStatsCompat$BaseTrafficStatsCompatImpl
android.support.v4.net.TrafficStatsCompat$BaseTrafficStatsCompatImpl$1
android.support.v4.net.TrafficStatsCompat$BaseTrafficStatsCompatImpl$SocketTags
android.support.v4.net.TrafficStatsCompat$IcsTrafficStatsCompatImpl
android.support.v4.net.TrafficStatsCompat$TrafficStatsCompatImpl
android.support.v4.net.TrafficStatsCompatIcs
android.support.v4.os.EnvironmentCompat
android.support.v4.os.EnvironmentCompatKitKat
android.support.v4.os.ParcelableCompat
android.support.v4.os.ParcelableCompat$CompatCreator
android.support.v4.os.ParcelableCompatCreatorCallbacks
android.support.v4.os.ParcelableCompatCreatorHoneycombMR2
android.support.v4.os.ParcelableCompatCreatorHoneycombMR2Stub
android.support.v4.print.PrintHelper
android.support.v4.print.PrintHelper$1
android.support.v4.print.PrintHelper$PrintHelperKitkatImpl
android.support.v4.print.PrintHelper$PrintHelperStubImpl
android.support.v4.print.PrintHelper$PrintHelperVersionImpl
android.support.v4.print.PrintHelperKitkat
android.support.v4.print.PrintHelperKitkat$1
android.support.v4.text.BidiFormatter
android.support.v4.text.BidiFormatter$1
android.support.v4.text.BidiFormatter$Builder
android.support.v4.text.BidiFormatter$DirectionalityEstimator
android.support.v4.text.ICUCompat
android.support.v4.text.ICUCompat$ICUCompatImpl
android.support.v4.text.ICUCompat$ICUCompatImplBase
android.support.v4.text.ICUCompat$ICUCompatImplIcs
android.support.v4.text.ICUCompatIcs
android.support.v4.text.TextDirectionHeuristicCompat
android.support.v4.text.TextDirectionHeuristicsCompat
android.support.v4.text.TextDirectionHeuristicsCompat$1
android.support.v4.text.TextDirectionHeuristicsCompat$AnyStrong
android.support.v4.text.TextDirectionHeuristicsCompat$FirstStrong
android.support.v4.text.TextDirectionHeuristicsCompat$TextDirectionAlgorithm
android.support.v4.text.TextDirectionHeuristicsCompat$TextDirectionHeuristicImpl
android.support.v4.text.TextDirectionHeuristicsCompat$TextDirectionHeuristicInternal
android.support.v4.text.TextDirectionHeuristicsCompat$TextDirectionHeuristicLocale
android.support.v4.text.TextUtilsCompat
android.support.v4.util.ArrayMap
android.support.v4.util.ArrayMap$1
android.support.v4.util.AtomicFile
android.support.v4.util.ContainerHelpers
android.support.v4.util.DebugUtils
android.support.v4.util.LogWriter
android.support.v4.util.LongSparseArray
android.support.v4.util.LruCache
android.support.v4.util.MapCollections
android.support.v4.util.MapCollections$ArrayIterator
android.support.v4.util.MapCollections$EntrySet
android.support.v4.util.MapCollections$KeySet
android.support.v4.util.MapCollections$MapIterator
android.support.v4.util.MapCollections$ValuesCollection
android.support.v4.util.SimpleArrayMap
android.support.v4.util.SparseArrayCompat
android.support.v4.util.TimeUtils
android.support.v4.view.AccessibilityDelegateCompat
android.support.v4.view.AccessibilityDelegateCompat$AccessibilityDelegateIcsImpl
android.support.v4.view.AccessibilityDelegateCompat$AccessibilityDelegateIcsImpl$1
android.support.v4.view.AccessibilityDelegateCompat$AccessibilityDelegateImpl
android.support.v4.view.AccessibilityDelegateCompat$AccessibilityDelegateJellyBeanImpl
android.support.v4.view.AccessibilityDelegateCompat$AccessibilityDelegateJellyBeanImpl$1
android.support.v4.view.AccessibilityDelegateCompat$AccessibilityDelegateStubImpl
android.support.v4.view.AccessibilityDelegateCompatIcs
android.support.v4.view.AccessibilityDelegateCompatIcs$1
android.support.v4.view.AccessibilityDelegateCompatIcs$AccessibilityDelegateBridge
android.support.v4.view.AccessibilityDelegateCompatJellyBean
android.support.v4.view.AccessibilityDelegateCompatJellyBean$1